<?xml version="1.0" encoding="UTF-8"?>
<testsuite name="Chapter1Test" tests="1" skipped="0" failures="0" errors="0" timestamp="2021-09-14T22:04:05" hostname="DESKTOP-M2RFSHD" time="0.011">
  <properties/>
  <testcase name="anagram()" classname="Chapter1Test" time="0.011"/>
  <system-out><![CDATA[]]></system-out>
  <system-err><![CDATA[]]></system-err>
</testsuite>
